

Processing HomeController#index (for 127.0.0.1 at 2010-08-24 17:51:17) [GET]
Rendering home/index
Completed in 24ms (View: 20, DB: 0) | 200 OK [http://localhost/]
  [4;36;1mSQL (0.3ms)[0m   [0;1m SELECT name
 FROM sqlite_master
 WHERE type = 'table' AND NOT name = 'sqlite_sequence'
[0m
  [4;35;1mSQL (0.2ms)[0m   [0mselect sqlite_version(*)[0m
  [4;36;1mSQL (2.0ms)[0m   [0;1mCREATE TABLE "schema_migrations" ("version" varchar(255) NOT NULL) [0m
  [4;35;1mSQL (0.1ms)[0m   [0mPRAGMA index_list("schema_migrations")[0m
  [4;36;1mSQL (1.5ms)[0m   [0;1mCREATE UNIQUE INDEX "unique_schema_migrations" ON "schema_migrations" ("version")[0m
  [4;35;1mSQL (0.2ms)[0m   [0m SELECT name
 FROM sqlite_master
 WHERE type = 'table' AND NOT name = 'sqlite_sequence'
[0m
  [4;36;1mSQL (0.1ms)[0m   [0;1mSELECT version FROM schema_migrations[0m
Migrating to CreateUsers (20100824221156)
  [4;35;1mSQL (0.5ms)[0m   [0mCREATE TABLE "users" ("id" INTEGER PRIMARY KEY AUTOINCREMENT NOT NULL, "login" varchar(255), "email" varchar(255), "crypted_password" varchar(255), "password_salt" varchar(255), "persistence_token" varchar(255), "created_at" datetime, "updated_at" datetime) [0m
  [4;36;1mSQL (0.1ms)[0m   [0;1mINSERT INTO schema_migrations (version) VALUES ('20100824221156')[0m
  [4;35;1mSQL (0.3ms)[0m   [0m SELECT name
 FROM sqlite_master
 WHERE type = 'table' AND NOT name = 'sqlite_sequence'
[0m
  [4;36;1mSQL (0.1ms)[0m   [0;1mSELECT version FROM schema_migrations[0m
  [4;35;1mSQL (0.2ms)[0m   [0m SELECT name
 FROM sqlite_master
 WHERE type = 'table' AND NOT name = 'sqlite_sequence'
[0m
  [4;36;1mSQL (0.1ms)[0m   [0;1mPRAGMA index_list("users")[0m


Processing HomeController#index (for 127.0.0.1 at 2010-08-24 18:41:27) [GET]
Rendering home/index
Completed in 16ms (View: 12, DB: 0) | 200 OK [http://localhost/]


Processing UserSessionsController#new (for 127.0.0.1 at 2010-08-24 18:41:36) [GET]

NoMethodError (undefined method `require_no_user' for #<UserSessionsController:0x103554408>):
  /usr/local/lib/ruby/1.8/webrick/httpserver.rb:104:in `service'
  /usr/local/lib/ruby/1.8/webrick/httpserver.rb:65:in `run'
  /usr/local/lib/ruby/1.8/webrick/server.rb:173:in `start_thread'
  /usr/local/lib/ruby/1.8/webrick/server.rb:162:in `start'
  /usr/local/lib/ruby/1.8/webrick/server.rb:162:in `start_thread'
  /usr/local/lib/ruby/1.8/webrick/server.rb:95:in `start'
  /usr/local/lib/ruby/1.8/webrick/server.rb:92:in `each'
  /usr/local/lib/ruby/1.8/webrick/server.rb:92:in `start'
  /usr/local/lib/ruby/1.8/webrick/server.rb:23:in `start'
  /usr/local/lib/ruby/1.8/webrick/server.rb:82:in `start'

Rendered rescues/_trace (135.6ms)
Rendered rescues/_request_and_response (2.3ms)
Rendering rescues/layout (internal_server_error)


Processing UserSessionsController#new (for 127.0.0.1 at 2010-08-24 18:43:20) [GET]
  Parameters: {"action"=>"new", "controller"=>"user_sessions"}

ActiveRecord::RecordNotFound (Couldn't find UserSession without an ID):
  app/controllers/application_controller.rb:15:in `current_user_session'
  app/controllers/application_controller.rb:20:in `current_user'
  app/controllers/application_controller.rb:35:in `require_no_user'
  /usr/local/lib/ruby/1.8/webrick/httpserver.rb:104:in `service'
  /usr/local/lib/ruby/1.8/webrick/httpserver.rb:65:in `run'
  /usr/local/lib/ruby/1.8/webrick/server.rb:173:in `start_thread'
  /usr/local/lib/ruby/1.8/webrick/server.rb:162:in `start'
  /usr/local/lib/ruby/1.8/webrick/server.rb:162:in `start_thread'
  /usr/local/lib/ruby/1.8/webrick/server.rb:95:in `start'
  /usr/local/lib/ruby/1.8/webrick/server.rb:92:in `each'
  /usr/local/lib/ruby/1.8/webrick/server.rb:92:in `start'
  /usr/local/lib/ruby/1.8/webrick/server.rb:23:in `start'
  /usr/local/lib/ruby/1.8/webrick/server.rb:82:in `start'

Rendered rescues/_trace (67.4ms)
Rendered rescues/_request_and_response (2.5ms)
Rendering rescues/layout (not_found)


Processing UserSessionsController#new (for 127.0.0.1 at 2010-08-24 18:44:52) [GET]
  Parameters: {"action"=>"new", "controller"=>"user_sessions"}
Rendering template within layouts/user_sessions
Rendering user_sessions/new

ActionView::TemplateError (user_session_url failed to generate from {:controller=>"user_sessions", :action=>"show"} - you may have ambiguous routes, or you may need to supply additional parameters for this route.  content_url has the following required parameters: ["user_sessions", :id] - are they all satisfied?) on line #2 of app/views/user_sessions/new.html.erb:
1: <h1>login</h1>
2: <% form_for @user_session, :url => user_session_path do |f| %>
3:   <%= f.error_messages %><br />
4:   <%= f.label :login, 'username' %><br />
5:   <%= f.text_field :login %><br />

    (eval):17:in `user_session_path'
    app/views/user_sessions/new.html.erb:2
    /usr/local/lib/ruby/1.8/webrick/httpserver.rb:104:in `service'
    /usr/local/lib/ruby/1.8/webrick/httpserver.rb:65:in `run'
    /usr/local/lib/ruby/1.8/webrick/server.rb:173:in `start_thread'
    /usr/local/lib/ruby/1.8/webrick/server.rb:162:in `start'
    /usr/local/lib/ruby/1.8/webrick/server.rb:162:in `start_thread'
    /usr/local/lib/ruby/1.8/webrick/server.rb:95:in `start'
    /usr/local/lib/ruby/1.8/webrick/server.rb:92:in `each'
    /usr/local/lib/ruby/1.8/webrick/server.rb:92:in `start'
    /usr/local/lib/ruby/1.8/webrick/server.rb:23:in `start'
    /usr/local/lib/ruby/1.8/webrick/server.rb:82:in `start'

Rendered rescues/_trace (155.4ms)
Rendered rescues/_request_and_response (2.3ms)
Rendering rescues/layout (internal_server_error)


Processing UserSessionsController#new (for 127.0.0.1 at 2010-08-24 18:46:45) [GET]
  Parameters: {"action"=>"new", "controller"=>"user_sessions"}
Rendering template within layouts/user_sessions
Rendering user_sessions/new

ActionView::TemplateError (user_session_url failed to generate from {:controller=>"user_session", :action=>"show"} - you may have ambiguous routes, or you may need to supply additional parameters for this route.  content_url has the following required parameters: ["user_session", :id] - are they all satisfied?) on line #2 of app/views/user_sessions/new.html.erb:
1: <h1>login</h1>
2: <% form_for @user_session, :url => user_session_path do |f| %>
3:   <%= f.error_messages %><br />
4:   <%= f.label :login, 'username' %><br />
5:   <%= f.text_field :login %><br />

    (eval):17:in `user_session_path'
    app/views/user_sessions/new.html.erb:2
    /usr/local/lib/ruby/1.8/webrick/httpserver.rb:104:in `service'
    /usr/local/lib/ruby/1.8/webrick/httpserver.rb:65:in `run'
    /usr/local/lib/ruby/1.8/webrick/server.rb:173:in `start_thread'
    /usr/local/lib/ruby/1.8/webrick/server.rb:162:in `start'
    /usr/local/lib/ruby/1.8/webrick/server.rb:162:in `start_thread'
    /usr/local/lib/ruby/1.8/webrick/server.rb:95:in `start'
    /usr/local/lib/ruby/1.8/webrick/server.rb:92:in `each'
    /usr/local/lib/ruby/1.8/webrick/server.rb:92:in `start'
    /usr/local/lib/ruby/1.8/webrick/server.rb:23:in `start'
    /usr/local/lib/ruby/1.8/webrick/server.rb:82:in `start'

Rendered rescues/_trace (156.6ms)
Rendered rescues/_request_and_response (2.3ms)
Rendering rescues/layout (internal_server_error)


Processing UserSessionsController#new (for 127.0.0.1 at 2010-08-24 18:55:21) [GET]
  Parameters: {"action"=>"new", "controller"=>"user_sessions"}
Rendering template within layouts/user_sessions
Rendering user_sessions/new

ActionView::TemplateError (user_session_url failed to generate from {:controller=>"user_sessions", :action=>"show"} - you may have ambiguous routes, or you may need to supply additional parameters for this route.  content_url has the following required parameters: ["user_sessions", :id] - are they all satisfied?) on line #2 of app/views/user_sessions/new.html.erb:
1: <h1>login</h1>
2: <% form_for @user_session, :url => user_session_path do |f| %>
3:   <%= f.error_messages %><br />
4:   <%= f.label :login, 'username' %><br />
5:   <%= f.text_field :login %><br />

    (eval):17:in `user_session_path'
    app/views/user_sessions/new.html.erb:2
    /usr/local/lib/ruby/1.8/webrick/httpserver.rb:104:in `service'
    /usr/local/lib/ruby/1.8/webrick/httpserver.rb:65:in `run'
    /usr/local/lib/ruby/1.8/webrick/server.rb:173:in `start_thread'
    /usr/local/lib/ruby/1.8/webrick/server.rb:162:in `start'
    /usr/local/lib/ruby/1.8/webrick/server.rb:162:in `start_thread'
    /usr/local/lib/ruby/1.8/webrick/server.rb:95:in `start'
    /usr/local/lib/ruby/1.8/webrick/server.rb:92:in `each'
    /usr/local/lib/ruby/1.8/webrick/server.rb:92:in `start'
    /usr/local/lib/ruby/1.8/webrick/server.rb:23:in `start'
    /usr/local/lib/ruby/1.8/webrick/server.rb:82:in `start'

Rendered rescues/_trace (155.8ms)
Rendered rescues/_request_and_response (2.3ms)
Rendering rescues/layout (internal_server_error)


Processing UserSessionsController#new (for 127.0.0.1 at 2010-08-24 18:57:51) [GET]
  Parameters: {"action"=>"new", "controller"=>"user_sessions"}
Rendering template within layouts/user_sessions
Rendering user_sessions/new

ActionView::TemplateError (user_session_url failed to generate from {:controller=>"user_session", :action=>"show"} - you may have ambiguous routes, or you may need to supply additional parameters for this route.  content_url has the following required parameters: ["user_session", :id] - are they all satisfied?) on line #2 of app/views/user_sessions/new.html.erb:
1: <h1>login</h1>
2: <% form_for @user_session, :url => user_session_path do |f| %>
3:   <%= f.error_messages %><br />
4:   <%= f.label :login, 'username' %><br />
5:   <%= f.text_field :login %><br />

    (eval):17:in `user_session_path'
    app/views/user_sessions/new.html.erb:2
    /usr/local/lib/ruby/1.8/webrick/httpserver.rb:104:in `service'
    /usr/local/lib/ruby/1.8/webrick/httpserver.rb:65:in `run'
    /usr/local/lib/ruby/1.8/webrick/server.rb:173:in `start_thread'
    /usr/local/lib/ruby/1.8/webrick/server.rb:162:in `start'
    /usr/local/lib/ruby/1.8/webrick/server.rb:162:in `start_thread'
    /usr/local/lib/ruby/1.8/webrick/server.rb:95:in `start'
    /usr/local/lib/ruby/1.8/webrick/server.rb:92:in `each'
    /usr/local/lib/ruby/1.8/webrick/server.rb:92:in `start'
    /usr/local/lib/ruby/1.8/webrick/server.rb:23:in `start'
    /usr/local/lib/ruby/1.8/webrick/server.rb:82:in `start'

Rendered rescues/_trace (157.0ms)
Rendered rescues/_request_and_response (2.3ms)
Rendering rescues/layout (internal_server_error)


Processing UserSessionsController#new (for 127.0.0.1 at 2010-08-24 18:57:52) [GET]
  Parameters: {"action"=>"new", "controller"=>"user_sessions"}
Rendering template within layouts/user_sessions
Rendering user_sessions/new

ActionView::TemplateError (user_session_url failed to generate from {:controller=>"user_session", :action=>"show"} - you may have ambiguous routes, or you may need to supply additional parameters for this route.  content_url has the following required parameters: ["user_session", :id] - are they all satisfied?) on line #2 of app/views/user_sessions/new.html.erb:
1: <h1>login</h1>
2: <% form_for @user_session, :url => user_session_path do |f| %>
3:   <%= f.error_messages %><br />
4:   <%= f.label :login, 'username' %><br />
5:   <%= f.text_field :login %><br />

    (eval):17:in `user_session_path'
    app/views/user_sessions/new.html.erb:2
    /usr/local/lib/ruby/1.8/webrick/httpserver.rb:104:in `service'
    /usr/local/lib/ruby/1.8/webrick/httpserver.rb:65:in `run'
    /usr/local/lib/ruby/1.8/webrick/server.rb:173:in `start_thread'
    /usr/local/lib/ruby/1.8/webrick/server.rb:162:in `start'
    /usr/local/lib/ruby/1.8/webrick/server.rb:162:in `start_thread'
    /usr/local/lib/ruby/1.8/webrick/server.rb:95:in `start'
    /usr/local/lib/ruby/1.8/webrick/server.rb:92:in `each'
    /usr/local/lib/ruby/1.8/webrick/server.rb:92:in `start'
    /usr/local/lib/ruby/1.8/webrick/server.rb:23:in `start'
    /usr/local/lib/ruby/1.8/webrick/server.rb:82:in `start'

Rendered rescues/_trace (81.1ms)
Rendered rescues/_request_and_response (0.5ms)
Rendering rescues/layout (internal_server_error)


Processing UserSessionsController#new (for 127.0.0.1 at 2010-08-24 19:01:37) [GET]
  Parameters: {"action"=>"new", "controller"=>"user_sessions"}
Rendering template within layouts/user_sessions
Rendering user_sessions/new

ActionView::TemplateError (undefined method `user_sessions_path' for #<ActionView::Base:0x1035c7688>) on line #2 of app/views/user_sessions/new.html.erb:
1: <h1>login</h1>
2: <% form_for @user_session do |f| %>
3:   <%= f.error_messages %><br />
4:   <%= f.label :login, 'username' %><br />
5:   <%= f.text_field :login %><br />

    app/views/user_sessions/new.html.erb:2
    /usr/local/lib/ruby/1.8/webrick/httpserver.rb:104:in `service'
    /usr/local/lib/ruby/1.8/webrick/httpserver.rb:65:in `run'
    /usr/local/lib/ruby/1.8/webrick/server.rb:173:in `start_thread'
    /usr/local/lib/ruby/1.8/webrick/server.rb:162:in `start'
    /usr/local/lib/ruby/1.8/webrick/server.rb:162:in `start_thread'
    /usr/local/lib/ruby/1.8/webrick/server.rb:95:in `start'
    /usr/local/lib/ruby/1.8/webrick/server.rb:92:in `each'
    /usr/local/lib/ruby/1.8/webrick/server.rb:92:in `start'
    /usr/local/lib/ruby/1.8/webrick/server.rb:23:in `start'
    /usr/local/lib/ruby/1.8/webrick/server.rb:82:in `start'

Rendered rescues/_trace (152.1ms)
Rendered rescues/_request_and_response (2.3ms)
Rendering rescues/layout (internal_server_error)


Processing UserSessionsController#new (for 127.0.0.1 at 2010-08-24 19:02:29) [GET]
  Parameters: {"action"=>"new", "controller"=>"user_sessions"}
Rendering template within layouts/user_sessions
Rendering user_sessions/new
Completed in 49ms (View: 24, DB: 0) | 200 OK [http://localhost/login]


Processing UsersController#new (for 127.0.0.1 at 2010-08-24 19:02:43) [GET]
  Parameters: {"action"=>"new", "controller"=>"users"}
Rendering template within layouts/users
Rendering users/new
Completed in 118ms (View: 99, DB: 0) | 200 OK [http://localhost/signup]


Processing UsersController#create (for 127.0.0.1 at 2010-08-24 19:03:07) [POST]
  Parameters: {"commit"=>"signup", "action"=>"create", "controller"=>"users", "user"=>{"password_confirmation"=>"[FILTERED]", "password"=>"[FILTERED]", "login"=>"test", "email"=>"test@test.com"}}
  [4;36;1mUser Load (0.2ms)[0m   [0;1mSELECT "users".id FROM "users" WHERE (LOWER("users"."email") = 'test@test.com') LIMIT 1[0m
  [4;35;1mUser Load (0.1ms)[0m   [0mSELECT "users".id FROM "users" WHERE (LOWER("users"."login") = 'test') LIMIT 1[0m
  [4;36;1mUser Load (0.1ms)[0m   [0;1mSELECT "users".id FROM "users" WHERE ("users"."persistence_token" = 'a609108d013f80abbedb97671530febe8040052c09ebdd9e5ef8aff2430df08a5dec17a6872cdf745da216016539d9ef0b3c824d2c3dd52d7bf16ca0c976290e') LIMIT 1[0m
  [4;35;1mUser Create (0.4ms)[0m   [0mINSERT INTO "users" ("created_at", "crypted_password", "updated_at", "password_salt", "persistence_token", "login", "email") VALUES('2010-08-24 23:03:08', '51abc5497bc59a309e8e1274a77519747801506cf7bbf7aec9d0f4404ed5620c665b0362b1dc394b052b115317c88daa105ce55626cc7502d816bf7071f0cf0a', '2010-08-24 23:03:08', 'DJzNaTY77aKb3nKInPC', 'a609108d013f80abbedb97671530febe8040052c09ebdd9e5ef8aff2430df08a5dec17a6872cdf745da216016539d9ef0b3c824d2c3dd52d7bf16ca0c976290e', 'test', 'test@test.com')[0m
Redirected to http://localhost:3000/users/1
Completed in 334ms (DB: 1) | 302 Found [http://localhost/users]


Processing UsersController#show (for 127.0.0.1 at 2010-08-24 19:03:08) [GET]
  Parameters: {"action"=>"show", "id"=>"1", "controller"=>"users"}
  [4;36;1mUser Load (0.4ms)[0m   [0;1mSELECT * FROM "users" WHERE ("users"."id" = 1) [0m
Rendering template within layouts/users
Rendering users/show
Completed in 38ms (View: 13, DB: 0) | 200 OK [http://localhost/users/1]


Processing UsersController#show (for 127.0.0.1 at 2010-08-24 19:06:16) [GET]
  Parameters: {"action"=>"show", "id"=>"1", "controller"=>"users"}
  [4;36;1mUser Load (0.4ms)[0m   [0;1mSELECT * FROM "users" WHERE ("users"."id" = 1) [0m
Rendering template within layouts/users
Rendering users/show
Completed in 45ms (View: 24, DB: 0) | 200 OK [http://localhost/users/1]


Processing UsersController#edit (for 127.0.0.1 at 2010-08-24 19:06:19) [GET]
  Parameters: {"action"=>"edit", "id"=>"1", "controller"=>"users"}
  [4;35;1mUser Load (0.3ms)[0m   [0mSELECT * FROM "users" WHERE ("users"."id" = 1) [0m
Rendering template within layouts/users
Rendering users/edit
Completed in 112ms (View: 93, DB: 0) | 200 OK [http://localhost/users/1/edit]


Processing UsersController#update (for 127.0.0.1 at 2010-08-24 19:06:24) [PUT]
  Parameters: {"commit"=>"update", "action"=>"update", "_method"=>"put", "id"=>"1", "controller"=>"users", "user"=>{"password_confirmation"=>"[FILTERED]", "password"=>"[FILTERED]"}}
  [4;36;1mUser Load (0.4ms)[0m   [0;1mSELECT * FROM "users" WHERE ("users"."id" = 1) [0m
  [4;35;1mUser Load (0.2ms)[0m   [0mSELECT "users".id FROM "users" WHERE ("users"."persistence_token" = 'a7da7ef8d320ebb83f3f669a5ba21cd9ba807f3395a976fee2525ba7586f39113a961194fc1b60b2c3849ba52db5e65579b3170428232a46481c1fd38c8bb149' AND "users".id <> 1) LIMIT 1[0m
  [4;36;1mUser Load (0.4ms)[0m   [0;1mSELECT * FROM "users" WHERE ("users"."persistence_token" = 'a609108d013f80abbedb97671530febe8040052c09ebdd9e5ef8aff2430df08a5dec17a6872cdf745da216016539d9ef0b3c824d2c3dd52d7bf16ca0c976290e') LIMIT 1[0m
  [4;35;1mUser Update (0.4ms)[0m   [0mUPDATE "users" SET "persistence_token" = 'a7da7ef8d320ebb83f3f669a5ba21cd9ba807f3395a976fee2525ba7586f39113a961194fc1b60b2c3849ba52db5e65579b3170428232a46481c1fd38c8bb149', "updated_at" = '2010-08-24 23:06:24', "password_salt" = 'Qcbx5PH0SM7blbM2yEz7', "crypted_password" = '7bb0a02668176ee65c13fe388b92232fcfd52a655cccebd719dd3148ee8102061d3101bc1c39e1afa546c5a18e58eb725aafece90571661bf87ece9f5e568b2b' WHERE "id" = 1[0m
Redirected to http://localhost:3000/users/1
Completed in 99ms (DB: 1) | 302 Found [http://localhost/users/1]


Processing UsersController#show (for 127.0.0.1 at 2010-08-24 19:06:24) [GET]
  Parameters: {"action"=>"show", "id"=>"1", "controller"=>"users"}
  [4;36;1mUser Load (0.4ms)[0m   [0;1mSELECT * FROM "users" WHERE ("users"."id" = 1) [0m
Rendering template within layouts/users
Rendering users/show
Completed in 27ms (View: 6, DB: 0) | 200 OK [http://localhost/users/1]


Processing UsersController#index (for 127.0.0.1 at 2010-08-24 19:06:26) [GET]
  Parameters: {"action"=>"index", "controller"=>"users"}
  [4;35;1mUser Load (0.3ms)[0m   [0mSELECT * FROM "users" [0m
Rendering template within layouts/users
Rendering users/index
Completed in 36ms (View: 17, DB: 0) | 200 OK [http://localhost/users]


Processing UsersController#index (for 127.0.0.1 at 2010-08-24 19:07:23) [GET]
  Parameters: {"action"=>"index", "controller"=>"users"}
  [4;36;1mUser Load (0.3ms)[0m   [0;1mSELECT * FROM "users" [0m
Rendering template within layouts/users
Rendering users/index
Completed in 35ms (View: 16, DB: 0) | 200 OK [http://localhost/users]


Processing UserSessionsController#new (for 127.0.0.1 at 2010-08-24 19:07:33) [GET]
  Parameters: {"action"=>"new", "controller"=>"user_sessions"}
  [4;35;1mUser Load (0.4ms)[0m   [0mSELECT * FROM "users" WHERE ("users"."id" = '1') LIMIT 1[0m
Redirected to http://localhost:3000/
Filter chain halted as [:require_no_user] rendered_or_redirected.
Completed in 26ms (DB: 0) | 302 Found [http://localhost/login]


Processing HomeController#index (for 127.0.0.1 at 2010-08-24 19:07:33) [GET]
  Parameters: {"action"=>"index", "controller"=>"home"}
Rendering home/index
Completed in 12ms (View: 8, DB: 0) | 200 OK [http://localhost/]


Processing UsersController#new (for 127.0.0.1 at 2010-08-24 19:07:42) [GET]
  Parameters: {"action"=>"new", "controller"=>"users"}
Rendering template within layouts/users
Rendering users/new
Completed in 36ms (View: 18, DB: 0) | 200 OK [http://localhost/signup]


Processing UserSessionsController#new (for 127.0.0.1 at 2010-08-24 19:07:46) [GET]
  Parameters: {"action"=>"new", "controller"=>"user_sessions"}
  [4;36;1mUser Load (0.3ms)[0m   [0;1mSELECT * FROM "users" WHERE ("users"."id" = '1') LIMIT 1[0m
Redirected to http://localhost:3000/
Filter chain halted as [:require_no_user] rendered_or_redirected.
Completed in 25ms (DB: 0) | 302 Found [http://localhost/login]


Processing HomeController#index (for 127.0.0.1 at 2010-08-24 19:07:46) [GET]
  Parameters: {"action"=>"index", "controller"=>"home"}
Rendering home/index
Completed in 5ms (View: 1, DB: 0) | 200 OK [http://localhost/]


Processing UserSessionsController#destroy (for 127.0.0.1 at 2010-08-24 19:07:50) [GET]
  Parameters: {"action"=>"destroy", "controller"=>"user_sessions"}
  [4;35;1mUser Load (0.4ms)[0m   [0mSELECT * FROM "users" WHERE ("users"."id" = '1') LIMIT 1[0m
Redirected to http://localhost:3000/
Completed in 110ms (DB: 0) | 302 Found [http://localhost/logout]


Processing HomeController#index (for 127.0.0.1 at 2010-08-24 19:07:50) [GET]
  Parameters: {"action"=>"index", "controller"=>"home"}
Rendering home/index
Completed in 6ms (View: 1, DB: 0) | 200 OK [http://localhost/]


Processing UserSessionsController#new (for 127.0.0.1 at 2010-08-24 19:07:56) [GET]
  Parameters: {"action"=>"new", "controller"=>"user_sessions"}
Rendering template within layouts/user_sessions
Rendering user_sessions/new
Completed in 45ms (View: 22, DB: 0) | 200 OK [http://localhost/login]


Processing UserSessionsController#new (for 127.0.0.1 at 2010-08-24 19:08:33) [GET]
  Parameters: {"action"=>"new", "controller"=>"user_sessions"}
Rendering template within layouts/application
Rendering user_sessions/new
Completed in 49ms (View: 24, DB: 0) | 200 OK [http://localhost/login]


Processing UserSessionsController#create (for 127.0.0.1 at 2010-08-24 19:08:37) [POST]
  Parameters: {"commit"=>"login", "user_session"=>{"remember_me"=>"0", "password"=>"[FILTERED]", "login"=>"test"}, "action"=>"create", "controller"=>"user_sessions"}
  [4;36;1mUser Load (0.4ms)[0m   [0;1mSELECT * FROM "users" WHERE (LOWER("users".login) = 'test') LIMIT 1[0m
Redirected to http://localhost:3000/
Completed in 309ms (DB: 0) | 302 Found [http://localhost/user_sessions]


Processing HomeController#index (for 127.0.0.1 at 2010-08-24 19:08:37) [GET]
  Parameters: {"action"=>"index", "controller"=>"home"}
Rendering template within layouts/application
Rendering home/index
Completed in 13ms (View: 9, DB: 0) | 200 OK [http://localhost/]


Processing UserSessionsController#new (for 127.0.0.1 at 2010-08-24 19:08:42) [GET]
  Parameters: {"action"=>"new", "controller"=>"user_sessions"}
  [4;35;1mUser Load (0.4ms)[0m   [0mSELECT * FROM "users" WHERE ("users"."id" = '1') LIMIT 1[0m
Redirected to http://localhost:3000/
Filter chain halted as [:require_no_user] rendered_or_redirected.
Completed in 36ms (DB: 0) | 302 Found [http://localhost/login]


Processing HomeController#index (for 127.0.0.1 at 2010-08-24 19:08:42) [GET]
  Parameters: {"action"=>"index", "controller"=>"home"}
Rendering template within layouts/application
Rendering home/index
Completed in 7ms (View: 2, DB: 0) | 200 OK [http://localhost/]


Processing UsersController#new (for 127.0.0.1 at 2010-08-24 19:09:02) [GET]
  Parameters: {"action"=>"new", "controller"=>"users"}
Rendering template within layouts/application
Rendering users/new
Completed in 37ms (View: 18, DB: 0) | 200 OK [http://localhost/signup]


Processing UserSessionsController#destroy (for 127.0.0.1 at 2010-08-24 19:09:19) [GET]
  Parameters: {"action"=>"destroy", "controller"=>"user_sessions"}
  [4;36;1mUser Load (0.4ms)[0m   [0;1mSELECT * FROM "users" WHERE ("users"."id" = '1') LIMIT 1[0m
Redirected to http://localhost:3000/
Completed in 121ms (DB: 0) | 302 Found [http://localhost/logout]


Processing HomeController#index (for 127.0.0.1 at 2010-08-24 19:09:19) [GET]
  Parameters: {"action"=>"index", "controller"=>"home"}
Rendering template within layouts/application
Rendering home/index
Completed in 7ms (View: 2, DB: 0) | 200 OK [http://localhost/]


Processing UserSessionsController#new (for 127.0.0.1 at 2010-08-24 19:10:40) [GET]
  Parameters: {"action"=>"new", "controller"=>"user_sessions"}
Rendering template within layouts/application
Rendering user_sessions/new
Completed in 32ms (View: 8, DB: 0) | 200 OK [http://localhost/login]


Processing UserSessionsController#create (for 127.0.0.1 at 2010-08-24 19:10:42) [POST]
  Parameters: {"commit"=>"login", "user_session"=>{"remember_me"=>"0", "password"=>"[FILTERED]", "login"=>"test"}, "action"=>"create", "controller"=>"user_sessions"}
  [4;35;1mUser Load (0.4ms)[0m   [0mSELECT * FROM "users" WHERE (LOWER("users".login) = 'test') LIMIT 1[0m
Redirected to http://localhost:3000/
Completed in 31ms (DB: 0) | 302 Found [http://localhost/user_sessions]


Processing HomeController#index (for 127.0.0.1 at 2010-08-24 19:10:42) [GET]
  Parameters: {"action"=>"index", "controller"=>"home"}
Rendering template within layouts/application
Rendering home/index
Completed in 7ms (View: 2, DB: 0) | 200 OK [http://localhost/]


Processing UsersController#index (for 127.0.0.1 at 2010-08-24 19:10:48) [GET]
  Parameters: {"action"=>"index", "controller"=>"users"}
  [4;36;1mUser Load (0.3ms)[0m   [0;1mSELECT * FROM "users" [0m
Rendering template within layouts/application
Rendering users/index
Completed in 36ms (View: 17, DB: 0) | 200 OK [http://localhost/users]


Processing UsersController#edit (for 127.0.0.1 at 2010-08-24 19:10:50) [GET]
  Parameters: {"action"=>"edit", "id"=>"1", "controller"=>"users"}
  [4;35;1mUser Load (0.4ms)[0m   [0mSELECT * FROM "users" WHERE ("users"."id" = 1) [0m
Rendering template within layouts/application
Rendering users/edit
Completed in 38ms (View: 19, DB: 0) | 200 OK [http://localhost/users/1/edit]


Processing UsersController#update (for 127.0.0.1 at 2010-08-24 19:10:54) [PUT]
  Parameters: {"commit"=>"update", "action"=>"update", "_method"=>"put", "id"=>"1", "controller"=>"users", "user"=>{"password_confirmation"=>"[FILTERED]", "password"=>"[FILTERED]"}}
  [4;36;1mUser Load (0.5ms)[0m   [0;1mSELECT * FROM "users" WHERE ("users"."id" = 1) [0m
  [4;35;1mUser Load (0.2ms)[0m   [0mSELECT "users".id FROM "users" WHERE ("users"."persistence_token" = 'f1a03a9ca8be29911de818cbadade26995cf3d41a9a9a93fa7bc0fca1b8d9edf76d8a3be8da991906d77a575f6ee974739bf6e302222ae9553a4a54d6c29e175' AND "users".id <> 1) LIMIT 1[0m
  [4;36;1mUser Load (0.3ms)[0m   [0;1mSELECT * FROM "users" WHERE ("users"."id" = '1') LIMIT 1[0m
  [4;35;1mUser Update (0.4ms)[0m   [0mUPDATE "users" SET "persistence_token" = 'f1a03a9ca8be29911de818cbadade26995cf3d41a9a9a93fa7bc0fca1b8d9edf76d8a3be8da991906d77a575f6ee974739bf6e302222ae9553a4a54d6c29e175', "updated_at" = '2010-08-24 23:10:54', "password_salt" = 'OVymetpDglwZ5y2KODj', "crypted_password" = 'd25c8c35dd7e04093317e1885dbe45281da26d16489aabb7f31380c8e0f1148d6f9898a0778bc3b210c571ca918bb17b59029c9c55210ebb7f81e62152bbba91' WHERE "id" = 1[0m
Redirected to http://localhost:3000/users/1
Completed in 44ms (DB: 1) | 302 Found [http://localhost/users/1]


Processing UsersController#show (for 127.0.0.1 at 2010-08-24 19:10:54) [GET]
  Parameters: {"action"=>"show", "id"=>"1", "controller"=>"users"}
  [4;36;1mUser Load (0.4ms)[0m   [0;1mSELECT * FROM "users" WHERE ("users"."id" = 1) [0m
Rendering template within layouts/application
Rendering users/show
Completed in 35ms (View: 15, DB: 0) | 200 OK [http://localhost/users/1]


Processing HomeController#index (for 127.0.0.1 at 2010-08-24 19:14:13) [GET]
  Parameters: {"action"=>"index", "controller"=>"home"}
Rendering template within layouts/application
Rendering home/index
  [4;35;1mUser Load (0.4ms)[0m   [0mSELECT * FROM "users" WHERE ("users"."id" = '1') LIMIT 1[0m
Completed in 41ms (View: 36, DB: 0) | 200 OK [http://localhost/]


Processing UserSessionsController#destroy (for 127.0.0.1 at 2010-08-24 19:14:15) [GET]
  Parameters: {"action"=>"destroy", "controller"=>"user_sessions"}
  [4;36;1mUser Load (0.4ms)[0m   [0;1mSELECT * FROM "users" WHERE ("users"."id" = '1') LIMIT 1[0m
Redirected to http://localhost:3000/
Completed in 31ms (DB: 0) | 302 Found [http://localhost/logout]


Processing HomeController#index (for 127.0.0.1 at 2010-08-24 19:14:15) [GET]
  Parameters: {"action"=>"index", "controller"=>"home"}
Rendering template within layouts/application
Rendering home/index
Completed in 27ms (View: 22, DB: 0) | 200 OK [http://localhost/]


Processing UsersController#new (for 127.0.0.1 at 2010-08-24 19:14:20) [GET]
  Parameters: {"action"=>"new", "controller"=>"users"}
Rendering template within layouts/application
Rendering users/new
Completed in 34ms (View: 16, DB: 0) | 200 OK [http://localhost/signup]


Processing UsersController#show (for 127.0.0.1 at 2010-08-24 19:14:50) [GET]
  Parameters: {"action"=>"show", "id"=>"1", "controller"=>"users"}
  [4;35;1mUser Load (0.3ms)[0m   [0mSELECT * FROM "users" WHERE ("users"."id" = 1) [0m
Rendering template within layouts/application
Rendering users/show
Completed in 40ms (View: 20, DB: 0) | 200 OK [http://localhost/users/1]


Processing UsersController#index (for 127.0.0.1 at 2010-08-24 19:15:01) [GET]
  Parameters: {"action"=>"index", "controller"=>"users"}
  [4;36;1mUser Load (0.4ms)[0m   [0;1mSELECT * FROM "users" [0m
Rendering template within layouts/application
Rendering users/index
Completed in 127ms (View: 17, DB: 0) | 200 OK [http://localhost/users]
